\BOOKMARK [0][-]{chapter*.2}{Introduction}{}% 1
\BOOKMARK [0][-]{chapter.1}{Installation}{}% 2
\BOOKMARK [1][-]{section.1.1}{Termux}{chapter.1}% 3
\BOOKMARK [1][-]{section.1.2}{Platformio }{chapter.1}% 4
\BOOKMARK [1][-]{section.1.3}{Arduino Droid}{chapter.1}% 5
\BOOKMARK [0][-]{chapter.2}{Seven Segment Display}{}% 6
\BOOKMARK [1][-]{section.2.1}{Components}{chapter.2}% 7
\BOOKMARK [2][-]{subsection.2.1.1}{Breadboard}{section.2.1}% 8
\BOOKMARK [2][-]{subsection.2.1.2}{Seven Segment Display}{section.2.1}% 9
\BOOKMARK [2][-]{subsection.2.1.3}{Arduino}{section.2.1}% 10
\BOOKMARK [1][-]{section.2.2}{Display Control through Hardware }{chapter.2}% 11
\BOOKMARK [2][-]{subsection.2.2.1}{Powering the Display}{section.2.2}% 12
\BOOKMARK [2][-]{subsection.2.2.2}{Controlling the Display}{section.2.2}% 13
\BOOKMARK [1][-]{section.2.3}{Display Control through Software}{chapter.2}% 14
\BOOKMARK [0][-]{chapter.3}{7447}{}% 15
\BOOKMARK [1][-]{section.3.1}{Components}{chapter.3}% 16
\BOOKMARK [1][-]{section.3.2}{Hardware}{chapter.3}% 17
\BOOKMARK [1][-]{section.3.3}{Software}{chapter.3}% 18
\BOOKMARK [1][-]{section.3.4}{Problems}{chapter.3}% 19
\BOOKMARK [0][-]{chapter.4}{Karnaugh Map}{}% 20
\BOOKMARK [1][-]{section.4.1}{Introduction}{chapter.4}% 21
\BOOKMARK [1][-]{section.4.2}{Incrementing Decoder}{chapter.4}% 22
\BOOKMARK [1][-]{section.4.3}{Karnaugh Map}{chapter.4}% 23
\BOOKMARK [1][-]{section.4.4}{Dont Care}{chapter.4}% 24
\BOOKMARK [1][-]{section.4.5}{Don't Care Conditions}{chapter.4}% 25
\BOOKMARK [1][-]{section.4.6}{Problems}{chapter.4}% 26
\BOOKMARK [0][-]{chapter.5}{7474}{}% 27
\BOOKMARK [1][-]{section.5.1}{Components}{chapter.5}% 28
\BOOKMARK [1][-]{section.5.2}{Decade Counter}{chapter.5}% 29
\BOOKMARK [0][-]{chapter.6}{Finite State Machine}{}% 30
\BOOKMARK [1][-]{section.6.1}{The Decade Counter}{chapter.6}% 31
\BOOKMARK [1][-]{section.6.2}{Finite State Machine}{chapter.6}% 32
\BOOKMARK [1][-]{section.6.3}{Problems}{chapter.6}% 33
\BOOKMARK [0][-]{chapter.7}{Assembly Programming}{}% 34
\BOOKMARK [1][-]{section.7.1}{Software Installation}{chapter.7}% 35
\BOOKMARK [1][-]{section.7.2}{Seven Segment Display}{chapter.7}% 36
\BOOKMARK [1][-]{section.7.3}{7447}{chapter.7}% 37
\BOOKMARK [2][-]{subsection.7.3.1}{Components}{section.7.3}% 38
\BOOKMARK [2][-]{subsection.7.3.2}{Boolean Operations}{section.7.3}% 39
\BOOKMARK [2][-]{subsection.7.3.3}{Controlling the Display}{section.7.3}% 40
\BOOKMARK [1][-]{section.7.4}{Timer}{chapter.7}% 41
\BOOKMARK [2][-]{subsection.7.4.1}{Components}{section.7.4}% 42
\BOOKMARK [2][-]{subsection.7.4.2}{Blink through TIMER}{section.7.4}% 43
\BOOKMARK [2][-]{subsection.7.4.3}{Blink through Cycle Delays}{section.7.4}% 44
\BOOKMARK [1][-]{section.7.5}{Memory}{chapter.7}% 45
\BOOKMARK [0][-]{chapter.8}{Embedded C}{}% 46
\BOOKMARK [1][-]{section.8.1}{Blink}{chapter.8}% 47
\BOOKMARK [2][-]{subsection.8.1.1}{Components}{section.8.1}% 48
\BOOKMARK [2][-]{subsection.8.1.2}{Blink}{section.8.1}% 49
\BOOKMARK [1][-]{section.8.2}{Display Control}{chapter.8}% 50
\BOOKMARK [1][-]{section.8.3}{Input}{chapter.8}% 51
\BOOKMARK [1][-]{section.8.4}{GCC-Assembly}{chapter.8}% 52
\BOOKMARK [2][-]{subsection.8.4.1}{Components}{section.8.4}% 53
\BOOKMARK [2][-]{subsection.8.4.2}{GCC with Assembly}{section.8.4}% 54
\BOOKMARK [1][-]{section.8.5}{LCD}{chapter.8}% 55
\BOOKMARK [2][-]{subsection.8.5.1}{Components}{section.8.5}% 56
\BOOKMARK [2][-]{subsection.8.5.2}{Display Number on LCD}{section.8.5}% 57
\BOOKMARK [0][-]{chapter.9}{Vaman-ESP32}{}% 58
\BOOKMARK [1][-]{section.9.1}{Software}{chapter.9}% 59
\BOOKMARK [1][-]{section.9.2}{Flash Vaman-ESP32 using Arduino}{chapter.9}% 60
